{
  "stats": {
    "suites": 2,
    "tests": 1,
    "passes": 0,
    "pending": 0,
    "failures": 1,
    "start": "2025-04-04T20:47:46.938Z",
    "end": "2025-04-04T20:47:48.528Z",
    "duration": 1590,
    "testsRegistered": 118,
    "passPercent": 0,
    "pendingPercent": 0,
    "other": 0,
    "hasOther": false,
    "skipped": 117,
    "hasSkipped": true
  },
  "results": [
    {
      "uuid": "dbb9ca26-290b-4b5f-9748-41a3a6d4446e",
      "title": "",
      "fullFile": "cypress\\integration\\page.spec.js",
      "file": "cypress\\integration\\page.spec.js",
      "beforeHooks": [],
      "afterHooks": [],
      "tests": [],
      "suites": [
        {
          "uuid": "feb736e6-0ddd-4e3e-affd-ff2c1fbcadc9",
          "title": "",
          "fullFile": "",
          "file": "",
          "beforeHooks": [],
          "afterHooks": [],
          "tests": [],
          "suites": [
            {
              "uuid": "2a4c58b6-1278-44fc-9e0f-f57788c6df3b",
              "title": "Page with no todos",
              "fullFile": "",
              "file": "",
              "beforeHooks": [],
              "afterHooks": [],
              "tests": [
                {
                  "title": "should have focused NewTodoField",
                  "fullTitle": " Page with no todos should have focused NewTodoField",
                  "timedOut": null,
                  "duration": 281,
                  "state": "failed",
                  "speed": null,
                  "pass": false,
                  "fail": true,
                  "pending": false,
                  "context": null,
                  "code": "page.newTodoField().should('be.focused');",
                  "err": {
                    "message": "CypressError: These options are incompatible with each other.\n\n - To retry on non-2xx status codes, pass { failOnStatusCode: true, retryOnStatusCodeFailure: true }.\n - To not retry on non-2xx status codes, pass { failOnStatusCode: true, retryOnStatusCodeFailure: true }.\n - To fail on non-2xx status codes without retrying (the default behavior), pass { failOnStatusCode: true, retryOnStatusCodeFailure: false }\n\nBecause this error occurred during a `before each` hook we are skipping all of the remaining tests.",
                    "estack": "CypressError: These options are incompatible with each other.\n\n - To retry on non-2xx status codes, pass { failOnStatusCode: true, retryOnStatusCodeFailure: true }.\n - To not retry on non-2xx status codes, pass { failOnStatusCode: true, retryOnStatusCodeFailure: true }.\n - To fail on non-2xx status codes without retrying (the default behavior), pass { failOnStatusCode: true, retryOnStatusCodeFailure: false }\n\nBecause this error occurred during a `before each` hook we are skipping all of the remaining tests.\n    at Context.visit (http://localhost:3001/__cypress/runner/cypress_runner.js:131162:70)\n    at wrapped (http://localhost:3001/__cypress/runner/cypress_runner.js:137986:43)\nFrom Your Spec Code:\n    at Context.eval (webpack://react_todo-app/./cypress/support/e2e.ts:37:0)",
                    "diff": null
                  },
                  "uuid": "08fcfa75-fb1a-4e14-a299-f44d0aa333fd",
                  "parentUUID": "2a4c58b6-1278-44fc-9e0f-f57788c6df3b",
                  "isHook": false,
                  "skipped": false
                },
                {
                  "title": "should not have Todos",
                  "fullTitle": " Page with no todos should not have Todos",
                  "timedOut": null,
                  "duration": 0,
                  "state": "skipped",
                  "speed": null,
                  "pass": false,
                  "fail": false,
                  "pending": false,
                  "context": null,
                  "code": "page.todoList().should('not.exist');\ntodos.assertCount(0);",
                  "err": {},
                  "uuid": "8c797eff-c6be-44e7-bcb4-9eff6a50edcc",
                  "parentUUID": "2a4c58b6-1278-44fc-9e0f-f57788c6df3b",
                  "isHook": false,
                  "skipped": true
                },
                {
                  "title": "should not have Footer",
                  "fullTitle": " Page with no todos should not have Footer",
                  "timedOut": null,
                  "duration": 0,
                  "state": "skipped",
                  "speed": null,
                  "pass": false,
                  "fail": false,
                  "pending": false,
                  "context": null,
                  "code": "page.footer().should('not.exist');\nfilter.el().should('not.exist');\npage.clearCompletedButton().should('not.exist');\npage.todosCounter().should('not.exist');",
                  "err": {},
                  "uuid": "b6f5b496-2d3a-4c23-bf2b-9de2c77f476c",
                  "parentUUID": "2a4c58b6-1278-44fc-9e0f-f57788c6df3b",
                  "isHook": false,
                  "skipped": true
                },
                {
                  "title": "should not have ToggleAllButton",
                  "fullTitle": " Page with no todos should not have ToggleAllButton",
                  "timedOut": null,
                  "duration": 0,
                  "state": "skipped",
                  "speed": null,
                  "pass": false,
                  "fail": false,
                  "pending": false,
                  "context": null,
                  "code": "page.toggleAllButton().should('not.exist');",
                  "err": {},
                  "uuid": "9725842a-37fc-4653-88ce-d1c09655f735",
                  "parentUUID": "2a4c58b6-1278-44fc-9e0f-f57788c6df3b",
                  "isHook": false,
                  "skipped": true
                },
                {
                  "title": "should allow to type a new title",
                  "fullTitle": " Page with no todos should allow to type a new title",
                  "timedOut": null,
                  "duration": 0,
                  "state": "skipped",
                  "speed": null,
                  "pass": false,
                  "fail": false,
                  "pending": false,
                  "context": null,
                  "code": "page.newTodoField().type('First todo');\npage.newTodoField().should('have.value', 'First todo');",
                  "err": {},
                  "uuid": "909b10f0-11c1-4f93-b494-1644810385bc",
                  "parentUUID": "2a4c58b6-1278-44fc-9e0f-f57788c6df3b",
                  "isHook": false,
                  "skipped": true
                },
                {
                  "title": "should add a not completed todo on Enter",
                  "fullTitle": " Page with no todos should add a not completed todo on Enter",
                  "timedOut": null,
                  "duration": 0,
                  "state": "skipped",
                  "speed": null,
                  "pass": false,
                  "fail": false,
                  "pending": false,
                  "context": null,
                  "code": "page.newTodoField().type('First todo{enter}');\npage.todoList().should('exist');\ntodos.assertCount(1);\ntodos.assertTitle(0, 'First todo');\ntodos.assertNotCompleted(0);",
                  "err": {},
                  "uuid": "5aac495d-5876-420e-9363-4bd551c5e730",
                  "parentUUID": "2a4c58b6-1278-44fc-9e0f-f57788c6df3b",
                  "isHook": false,
                  "skipped": true
                },
                {
                  "title": "should not have todos in localStorage",
                  "fullTitle": " Page with no todos should not have todos in localStorage",
                  "timedOut": null,
                  "duration": 0,
                  "state": "skipped",
                  "speed": null,
                  "pass": false,
                  "fail": false,
                  "pending": false,
                  "context": null,
                  "code": "page.data().should('deep.equal', []);",
                  "err": {},
                  "uuid": "83457178-a0ab-48e7-89ea-620f06f3df15",
                  "parentUUID": "2a4c58b6-1278-44fc-9e0f-f57788c6df3b",
                  "isHook": false,
                  "skipped": true
                }
              ],
              "suites": [],
              "passes": [],
              "failures": [
                "08fcfa75-fb1a-4e14-a299-f44d0aa333fd"
              ],
              "pending": [],
              "skipped": [
                "8c797eff-c6be-44e7-bcb4-9eff6a50edcc",
                "b6f5b496-2d3a-4c23-bf2b-9de2c77f476c",
                "9725842a-37fc-4653-88ce-d1c09655f735",
                "909b10f0-11c1-4f93-b494-1644810385bc",
                "5aac495d-5876-420e-9363-4bd551c5e730",
                "83457178-a0ab-48e7-89ea-620f06f3df15"
              ],
              "duration": 281,
              "root": false,
              "rootEmpty": false,
              "_timeout": 2000
            },
            {
              "uuid": "594a3072-ca12-4fa5-83d7-bbb08805c3b1",
              "title": "Page after adding a first todo",
              "fullFile": "",
              "file": "",
              "beforeHooks": [],
              "afterHooks": [],
              "tests": [
                {
                  "title": "should show TodoList with one active todo",
                  "fullTitle": " Page after adding a first todo should show TodoList with one active todo",
                  "timedOut": null,
                  "duration": 0,
                  "state": "skipped",
                  "speed": null,
                  "pass": false,
                  "fail": false,
                  "pending": false,
                  "context": null,
                  "code": "page.todoList().should('exist');\ntodos.assertCount(1);\ntodos.assertTitle(0, 'First todo');\ntodos.assertNotCompleted(0);",
                  "err": {},
                  "uuid": "2040b833-7739-47db-9803-43381880c217",
                  "parentUUID": null,
                  "isHook": false,
                  "skipped": true
                },
                {
                  "title": "should show Filter",
                  "fullTitle": " Page after adding a first todo should show Filter",
                  "timedOut": null,
                  "duration": 0,
                  "state": "skipped",
                  "speed": null,
                  "pass": false,
                  "fail": false,
                  "pending": false,
                  "context": null,
                  "code": "filter.assertVisible();",
                  "err": {},
                  "uuid": "6ebb1d83-aff2-4b12-91e6-42c16b01bfe1",
                  "parentUUID": null,
                  "isHook": false,
                  "skipped": true
                },
                {
                  "title": "should show todosCounter",
                  "fullTitle": " Page after adding a first todo should show todosCounter",
                  "timedOut": null,
                  "duration": 0,
                  "state": "skipped",
                  "speed": null,
                  "pass": false,
                  "fail": false,
                  "pending": false,
                  "context": null,
                  "code": "page.todosCounter().should('contain.text', '1 item');",
                  "err": {},
                  "uuid": "62e4c3cc-5efa-4803-8971-2cb51819afac",
                  "parentUUID": null,
                  "isHook": false,
                  "skipped": true
                },
                {
                  "title": "should show ToggleAllButton",
                  "fullTitle": " Page after adding a first todo should show ToggleAllButton",
                  "timedOut": null,
                  "duration": 0,
                  "state": "skipped",
                  "speed": null,
                  "pass": false,
                  "fail": false,
                  "pending": false,
                  "context": null,
                  "code": "page.toggleAllButton().should('exist');",
                  "err": {},
                  "uuid": "310de006-1f6f-47e8-9679-93b19cb0952b",
                  "parentUUID": null,
                  "isHook": false,
                  "skipped": true
                },
                {
                  "title": "should not show edit field",
                  "fullTitle": " Page after adding a first todo should not show edit field",
                  "timedOut": null,
                  "duration": 0,
                  "state": "skipped",
                  "speed": null,
                  "pass": false,
                  "fail": false,
                  "pending": false,
                  "context": null,
                  "code": "todos.titleField(0).should('not.exist');",
                  "err": {},
                  "uuid": "257b3247-3079-4531-9629-5f20422a6bd6",
                  "parentUUID": null,
                  "isHook": false,
                  "skipped": true
                },
                {
                  "title": "should save todos to localStorage in JSON",
                  "fullTitle": " Page after adding a first todo should save todos to localStorage in JSON",
                  "timedOut": null,
                  "duration": 0,
                  "state": "skipped",
                  "speed": null,
                  "pass": false,
                  "fail": false,
                  "pending": false,
                  "context": null,
                  "code": "page.localStorage().should('have.keys', 'todos');\npage.data().then(todos => {\n  expect(todos).to.be.instanceOf(Array);\n  expect(todos).to.have.length(1);\n  expect(todos[0].title).to.equal('First todo');\n  expect(todos[0].completed).to.be.false;\n});",
                  "err": {},
                  "uuid": "46110d3f-a069-4ffa-890a-1c7880be0e1e",
                  "parentUUID": null,
                  "isHook": false,
                  "skipped": true
                }
              ],
              "suites": [],
              "passes": [],
              "failures": [],
              "pending": [],
              "skipped": [
                "2040b833-7739-47db-9803-43381880c217",
                "6ebb1d83-aff2-4b12-91e6-42c16b01bfe1",
                "62e4c3cc-5efa-4803-8971-2cb51819afac",
                "310de006-1f6f-47e8-9679-93b19cb0952b",
                "257b3247-3079-4531-9629-5f20422a6bd6",
                "46110d3f-a069-4ffa-890a-1c7880be0e1e"
              ],
              "duration": 0,
              "root": false,
              "rootEmpty": false,
              "_timeout": 2000
            },
            {
              "uuid": "5544f278-9c5c-4222-a6f0-e031636bd21f",
              "title": "Page with mixed todos",
              "fullFile": "",
              "file": "",
              "beforeHooks": [],
              "afterHooks": [],
              "tests": [
                {
                  "title": "should have todos loaded from localStorage",
                  "fullTitle": " Page with mixed todos should have todos loaded from localStorage",
                  "timedOut": null,
                  "duration": 0,
                  "state": "skipped",
                  "speed": null,
                  "pass": false,
                  "fail": false,
                  "pending": false,
                  "context": null,
                  "code": "page.todoList().should('exist');\ntodos.assertCount(5);",
                  "err": {},
                  "uuid": "a151934f-2947-4878-acfc-93d6d8216a71",
                  "parentUUID": null,
                  "isHook": false,
                  "skipped": true
                },
                {
                  "title": "should have NewTodoField",
                  "fullTitle": " Page with mixed todos should have NewTodoField",
                  "timedOut": null,
                  "duration": 0,
                  "state": "skipped",
                  "speed": null,
                  "pass": false,
                  "fail": false,
                  "pending": false,
                  "context": null,
                  "code": "page.newTodoField().should('exist');",
                  "err": {},
                  "uuid": "256878cb-2539-4536-b903-2197202ffb09",
                  "parentUUID": null,
                  "isHook": false,
                  "skipped": true
                },
                {
                  "title": "should have delete buttons for every todo",
                  "fullTitle": " Page with mixed todos should have delete buttons for every todo",
                  "timedOut": null,
                  "duration": 0,
                  "state": "skipped",
                  "speed": null,
                  "pass": false,
                  "fail": false,
                  "pending": false,
                  "context": null,
                  "code": "todos.deleteButton(0).should('exist');\ntodos.deleteButton(1).should('exist');\ntodos.deleteButton(2).should('exist');\ntodos.deleteButton(3).should('exist');\ntodos.deleteButton(4).should('exist');",
                  "err": {},
                  "uuid": "20b6efbf-60d5-4a9f-92c6-80ecb0ce4715",
                  "parentUUID": null,
                  "isHook": false,
                  "skipped": true
                },
                {
                  "title": "should not show edit fields",
                  "fullTitle": " Page with mixed todos should not show edit fields",
                  "timedOut": null,
                  "duration": 0,
                  "state": "skipped",
                  "speed": null,
                  "pass": false,
                  "fail": false,
                  "pending": false,
                  "context": null,
                  "code": "todos.titleField(0).should('not.exist');\ntodos.titleField(1).should('not.exist');\ntodos.titleField(2).should('not.exist');\ntodos.titleField(3).should('not.exist');\ntodos.titleField(4).should('not.exist');",
                  "err": {},
                  "uuid": "c0365002-7018-477d-8c92-7c322819d25b",
                  "parentUUID": null,
                  "isHook": false,
                  "skipped": true
                },
                {
                  "title": "should have correct todo titles",
                  "fullTitle": " Page with mixed todos should have correct todo titles",
                  "timedOut": null,
                  "duration": 0,
                  "state": "skipped",
                  "speed": null,
                  "pass": false,
                  "fail": false,
                  "pending": false,
                  "context": null,
                  "code": "todos.assertTitle(0, 'HTML');\ntodos.assertTitle(1, 'CSS');\ntodos.assertTitle(2, 'JS');\ntodos.assertTitle(3, 'TypeScript');\ntodos.assertTitle(4, 'React');",
                  "err": {},
                  "uuid": "2f781f2f-c165-4dfd-bb8a-4e3d5d3b1c5c",
                  "parentUUID": null,
                  "isHook": false,
                  "skipped": true
                },
                {
                  "title": "should higlight all completed todos",
                  "fullTitle": " Page with mixed todos should higlight all completed todos",
                  "timedOut": null,
                  "duration": 0,
                  "state": "skipped",
                  "speed": null,
                  "pass": false,
                  "fail": false,
                  "pending": false,
                  "context": null,
                  "code": "todos.assertCompleted(0);\ntodos.assertCompleted(1);\ntodos.assertCompleted(2);",
                  "err": {},
                  "uuid": "e1571830-852e-454c-8ffc-9a39a6d7ba4d",
                  "parentUUID": null,
                  "isHook": false,
                  "skipped": true
                },
                {
                  "title": "should not higlight not completed todos",
                  "fullTitle": " Page with mixed todos should not higlight not completed todos",
                  "timedOut": null,
                  "duration": 0,
                  "state": "skipped",
                  "speed": null,
                  "pass": false,
                  "fail": false,
                  "pending": false,
                  "context": null,
                  "code": "todos.assertNotCompleted(3);\ntodos.assertNotCompleted(4);",
                  "err": {},
                  "uuid": "33c84741-f640-48a5-a4b3-bb61fac96f09",
                  "parentUUID": null,
                  "isHook": false,
                  "skipped": true
                },
                {
                  "title": "should have correct completed statuses",
                  "fullTitle": " Page with mixed todos should have correct completed statuses",
                  "timedOut": null,
                  "duration": 0,
                  "state": "skipped",
                  "speed": null,
                  "pass": false,
                  "fail": false,
                  "pending": false,
                  "context": null,
                  "code": "todos.statusToggler(0).should('be.checked');\ntodos.statusToggler(1).should('be.checked');\ntodos.statusToggler(2).should('be.checked');\ntodos.statusToggler(3).should('not.be.checked');\ntodos.statusToggler(4).should('not.be.checked');",
                  "err": {},
                  "uuid": "20eb7c48-166d-423c-b755-e20c37e49b04",
                  "parentUUID": null,
                  "isHook": false,
                  "skipped": true
                },
                {
                  "title": "should have Filter",
                  "fullTitle": " Page with mixed todos should have Filter",
                  "timedOut": null,
                  "duration": 0,
                  "state": "skipped",
                  "speed": null,
                  "pass": false,
                  "fail": false,
                  "pending": false,
                  "context": null,
                  "code": "filter.assertVisible();",
                  "err": {},
                  "uuid": "2e0155b9-e877-4d06-86b4-c14b6023c9b3",
                  "parentUUID": null,
                  "isHook": false,
                  "skipped": true
                },
                {
                  "title": "should have todosCounter with a number of not completed todos",
                  "fullTitle": " Page with mixed todos should have todosCounter with a number of not completed todos",
                  "timedOut": null,
                  "duration": 0,
                  "state": "skipped",
                  "speed": null,
                  "pass": false,
                  "fail": false,
                  "pending": false,
                  "context": null,
                  "code": "page.todosCounter().should('have.text', '2 items left');",
                  "err": {},
                  "uuid": "86f7ea16-2f8a-4e1b-960c-aba934bd87a4",
                  "parentUUID": null,
                  "isHook": false,
                  "skipped": true
                },
                {
                  "title": "should have clearCompletedButton",
                  "fullTitle": " Page with mixed todos should have clearCompletedButton",
                  "timedOut": null,
                  "duration": 0,
                  "state": "skipped",
                  "speed": null,
                  "pass": false,
                  "fail": false,
                  "pending": false,
                  "context": null,
                  "code": "page.clearCompletedButton().should('exist');",
                  "err": {},
                  "uuid": "94444ab9-bebd-46ce-92fa-4fb1f7049cfc",
                  "parentUUID": null,
                  "isHook": false,
                  "skipped": true
                }
              ],
              "suites": [],
              "passes": [],
              "failures": [],
              "pending": [],
              "skipped": [
                "a151934f-2947-4878-acfc-93d6d8216a71",
                "256878cb-2539-4536-b903-2197202ffb09",
                "20b6efbf-60d5-4a9f-92c6-80ecb0ce4715",
                "c0365002-7018-477d-8c92-7c322819d25b",
                "2f781f2f-c165-4dfd-bb8a-4e3d5d3b1c5c",
                "e1571830-852e-454c-8ffc-9a39a6d7ba4d",
                "33c84741-f640-48a5-a4b3-bb61fac96f09",
                "20eb7c48-166d-423c-b755-e20c37e49b04",
                "2e0155b9-e877-4d06-86b4-c14b6023c9b3",
                "86f7ea16-2f8a-4e1b-960c-aba934bd87a4",
                "94444ab9-bebd-46ce-92fa-4fb1f7049cfc"
              ],
              "duration": 0,
              "root": false,
              "rootEmpty": false,
              "_timeout": 2000
            },
            {
              "uuid": "d64b5f00-dc94-43ec-8671-c74dee51a268",
              "title": "Filtering",
              "fullFile": "",
              "file": "",
              "beforeHooks": [],
              "afterHooks": [],
              "tests": [],
              "suites": [
                {
                  "uuid": "2a1f2b3a-8a07-42e6-831a-7d343f4305a2",
                  "title": "with mixed todos",
                  "fullFile": "",
                  "file": "",
                  "beforeHooks": [],
                  "afterHooks": [],
                  "tests": [
                    {
                      "title": "should have only filterLinkAll active",
                      "fullTitle": " Filtering with mixed todos should have only filterLinkAll active",
                      "timedOut": null,
                      "duration": 0,
                      "state": "skipped",
                      "speed": null,
                      "pass": false,
                      "fail": false,
                      "pending": false,
                      "context": null,
                      "code": "filter.assertSelected('all');\nfilter.assertNotSelected('active');\nfilter.assertNotSelected('completed');",
                      "err": {},
                      "uuid": "38056462-281a-4829-9860-ab1d001729b8",
                      "parentUUID": null,
                      "isHook": false,
                      "skipped": true
                    },
                    {
                      "title": "should allow to select the active filter",
                      "fullTitle": " Filtering with mixed todos should allow to select the active filter",
                      "timedOut": null,
                      "duration": 0,
                      "state": "skipped",
                      "speed": null,
                      "pass": false,
                      "fail": false,
                      "pending": false,
                      "context": null,
                      "code": "filter.link('active').click();\nfilter.assertNotSelected('all');\nfilter.assertSelected('active');\nfilter.assertNotSelected('completed');",
                      "err": {},
                      "uuid": "b04c9e57-3a34-4b94-a6cc-b4f0a3bf2077",
                      "parentUUID": null,
                      "isHook": false,
                      "skipped": true
                    },
                    {
                      "title": "should show only active todos when active filter is selected",
                      "fullTitle": " Filtering with mixed todos should show only active todos when active filter is selected",
                      "timedOut": null,
                      "duration": 0,
                      "state": "skipped",
                      "speed": null,
                      "pass": false,
                      "fail": false,
                      "pending": false,
                      "context": null,
                      "code": "filter.link('active').click();\ntodos.assertCount(2);\ntodos.assertTitle(0, 'TypeScript');\ntodos.assertTitle(1, 'React');",
                      "err": {},
                      "uuid": "bd95741f-5a48-40e7-998e-5f919d2cb619",
                      "parentUUID": null,
                      "isHook": false,
                      "skipped": true
                    },
                    {
                      "title": "should keep footer when active todos are shown",
                      "fullTitle": " Filtering with mixed todos should keep footer when active todos are shown",
                      "timedOut": null,
                      "duration": 0,
                      "state": "skipped",
                      "speed": null,
                      "pass": false,
                      "fail": false,
                      "pending": false,
                      "context": null,
                      "code": "filter.link('active').click();\npage.todosCounter().should('have.text', '2 items left');\nfilter.assertVisible();\npage.clearCompletedButton().should('exist');",
                      "err": {},
                      "uuid": "bd97efd4-3364-4778-adf9-feb98e3a8869",
                      "parentUUID": null,
                      "isHook": false,
                      "skipped": true
                    },
                    {
                      "title": "should allow to select the completed filter",
                      "fullTitle": " Filtering with mixed todos should allow to select the completed filter",
                      "timedOut": null,
                      "duration": 0,
                      "state": "skipped",
                      "speed": null,
                      "pass": false,
                      "fail": false,
                      "pending": false,
                      "context": null,
                      "code": "filter.link('completed').click();\nfilter.assertNotSelected('all');\nfilter.assertNotSelected('active');\nfilter.assertSelected('completed');",
                      "err": {},
                      "uuid": "e9fa507b-0055-4c17-956e-fc5f5f4abedc",
                      "parentUUID": null,
                      "isHook": false,
                      "skipped": true
                    },
                    {
                      "title": "should show only completed todos when completed filter is selected",
                      "fullTitle": " Filtering with mixed todos should show only completed todos when completed filter is selected",
                      "timedOut": null,
                      "duration": 0,
                      "state": "skipped",
                      "speed": null,
                      "pass": false,
                      "fail": false,
                      "pending": false,
                      "context": null,
                      "code": "filter.link('completed').click();\ntodos.assertCount(3);\ntodos.assertTitle(0, 'HTML');\ntodos.assertTitle(1, 'CSS');\ntodos.assertTitle(2, 'JS');",
                      "err": {},
                      "uuid": "8d215324-d864-4740-883f-590ef4eadd32",
                      "parentUUID": null,
                      "isHook": false,
                      "skipped": true
                    },
                    {
                      "title": "should keep footer when completed todos are shown",
                      "fullTitle": " Filtering with mixed todos should keep footer when completed todos are shown",
                      "timedOut": null,
                      "duration": 0,
                      "state": "skipped",
                      "speed": null,
                      "pass": false,
                      "fail": false,
                      "pending": false,
                      "context": null,
                      "code": "filter.link('completed').click();\npage.todosCounter().should('have.text', '2 items left');\nfilter.assertVisible();\npage.clearCompletedButton().should('exist');",
                      "err": {},
                      "uuid": "c053ca97-e817-46fa-8ec1-633d12c07b86",
                      "parentUUID": null,
                      "isHook": false,
                      "skipped": true
                    },
                    {
                      "title": "should allow to reset filter",
                      "fullTitle": " Filtering with mixed todos should allow to reset filter",
                      "timedOut": null,
                      "duration": 0,
                      "state": "skipped",
                      "speed": null,
                      "pass": false,
                      "fail": false,
                      "pending": false,
                      "context": null,
                      "code": "filter.link('completed').click();\nfilter.link('all').click();\ntodos.assertCount(5);\nfilter.assertSelected('all');\nfilter.assertNotSelected('active');\nfilter.assertNotSelected('completed');",
                      "err": {},
                      "uuid": "f4ef4ccc-fc53-4869-9549-b093dbbdc241",
                      "parentUUID": null,
                      "isHook": false,
                      "skipped": true
                    }
                  ],
                  "suites": [],
                  "passes": [],
                  "failures": [],
                  "pending": [],
                  "skipped": [
                    "38056462-281a-4829-9860-ab1d001729b8",
                    "b04c9e57-3a34-4b94-a6cc-b4f0a3bf2077",
                    "bd95741f-5a48-40e7-998e-5f919d2cb619",
                    "bd97efd4-3364-4778-adf9-feb98e3a8869",
                    "e9fa507b-0055-4c17-956e-fc5f5f4abedc",
                    "8d215324-d864-4740-883f-590ef4eadd32",
                    "c053ca97-e817-46fa-8ec1-633d12c07b86",
                    "f4ef4ccc-fc53-4869-9549-b093dbbdc241"
                  ],
                  "duration": 0,
                  "root": false,
                  "rootEmpty": false,
                  "_timeout": 2000
                },
                {
                  "uuid": "72f4244b-a7cb-40b2-9a50-5594151cf1d5",
                  "title": "with active todos only",
                  "fullFile": "",
                  "file": "",
                  "beforeHooks": [],
                  "afterHooks": [],
                  "tests": [
                    {
                      "title": "should hide todos on completed selection",
                      "fullTitle": " Filtering with active todos only should hide todos on completed selection",
                      "timedOut": null,
                      "duration": 0,
                      "state": "skipped",
                      "speed": null,
                      "pass": false,
                      "fail": false,
                      "pending": false,
                      "context": null,
                      "code": "filter.link('completed').click();\ntodos.assertCount(0);",
                      "err": {},
                      "uuid": "61625df8-15f7-48da-bf0d-6690a27df587",
                      "parentUUID": null,
                      "isHook": false,
                      "skipped": true
                    },
                    {
                      "title": "should keep footer on completed selection",
                      "fullTitle": " Filtering with active todos only should keep footer on completed selection",
                      "timedOut": null,
                      "duration": 0,
                      "state": "skipped",
                      "speed": null,
                      "pass": false,
                      "fail": false,
                      "pending": false,
                      "context": null,
                      "code": "filter.link('completed').click();\nfilter.assertVisible();",
                      "err": {},
                      "uuid": "e7601046-56bf-44cb-b195-05e48b2861b2",
                      "parentUUID": null,
                      "isHook": false,
                      "skipped": true
                    },
                    {
                      "title": "should keep todos counter on completed selection",
                      "fullTitle": " Filtering with active todos only should keep todos counter on completed selection",
                      "timedOut": null,
                      "duration": 0,
                      "state": "skipped",
                      "speed": null,
                      "pass": false,
                      "fail": false,
                      "pending": false,
                      "context": null,
                      "code": "filter.link('completed').click();\npage.todosCounter().should('have.text', '5 items left');",
                      "err": {},
                      "uuid": "8484d742-3a90-48b8-a3ce-c34622e88a2c",
                      "parentUUID": null,
                      "isHook": false,
                      "skipped": true
                    }
                  ],
                  "suites": [],
                  "passes": [],
                  "failures": [],
                  "pending": [],
                  "skipped": [
                    "61625df8-15f7-48da-bf0d-6690a27df587",
                    "e7601046-56bf-44cb-b195-05e48b2861b2",
                    "8484d742-3a90-48b8-a3ce-c34622e88a2c"
                  ],
                  "duration": 0,
                  "root": false,
                  "rootEmpty": false,
                  "_timeout": 2000
                },
                {
                  "uuid": "9572da91-0bd1-472a-bbd7-6b27cb32175e",
                  "title": "with completed todos only",
                  "fullFile": "",
                  "file": "",
                  "beforeHooks": [],
                  "afterHooks": [],
                  "tests": [
                    {
                      "title": "should hide todos on active selection",
                      "fullTitle": " Filtering with completed todos only should hide todos on active selection",
                      "timedOut": null,
                      "duration": 0,
                      "state": "skipped",
                      "speed": null,
                      "pass": false,
                      "fail": false,
                      "pending": false,
                      "context": null,
                      "code": "filter.link('active').click();\ntodos.assertCount(0);",
                      "err": {},
                      "uuid": "fef535cf-d732-4877-89e5-9fcd65870967",
                      "parentUUID": null,
                      "isHook": false,
                      "skipped": true
                    },
                    {
                      "title": "should keep footer on active selection",
                      "fullTitle": " Filtering with completed todos only should keep footer on active selection",
                      "timedOut": null,
                      "duration": 0,
                      "state": "skipped",
                      "speed": null,
                      "pass": false,
                      "fail": false,
                      "pending": false,
                      "context": null,
                      "code": "filter.link('active').click();\nfilter.assertVisible();",
                      "err": {},
                      "uuid": "6f2efd72-8ec6-4d38-a0d1-77abea771a73",
                      "parentUUID": null,
                      "isHook": false,
                      "skipped": true
                    },
                    {
                      "title": "should keep todos counter on active selection",
                      "fullTitle": " Filtering with completed todos only should keep todos counter on active selection",
                      "timedOut": null,
                      "duration": 0,
                      "state": "skipped",
                      "speed": null,
                      "pass": false,
                      "fail": false,
                      "pending": false,
                      "context": null,
                      "code": "filter.link('active').click();\npage.todosCounter().should('have.text', '0 items left');",
                      "err": {},
                      "uuid": "215020b5-84de-4818-8436-81216cd8f9d1",
                      "parentUUID": null,
                      "isHook": false,
                      "skipped": true
                    }
                  ],
                  "suites": [],
                  "passes": [],
                  "failures": [],
                  "pending": [],
                  "skipped": [
                    "fef535cf-d732-4877-89e5-9fcd65870967",
                    "6f2efd72-8ec6-4d38-a0d1-77abea771a73",
                    "215020b5-84de-4818-8436-81216cd8f9d1"
                  ],
                  "duration": 0,
                  "root": false,
                  "rootEmpty": false,
                  "_timeout": 2000
                }
              ],
              "passes": [],
              "failures": [],
              "pending": [],
              "skipped": [],
              "duration": 0,
              "root": false,
              "rootEmpty": false,
              "_timeout": 2000
            },
            {
              "uuid": "8b6e67cf-db75-409e-b1fc-742c70a59fde",
              "title": "Adding a todo",
              "fullFile": "",
              "file": "",
              "beforeHooks": [],
              "afterHooks": [],
              "tests": [
                {
                  "title": "should focus text field by default",
                  "fullTitle": " Adding a todo should focus text field by default",
                  "timedOut": null,
                  "duration": 0,
                  "state": "skipped",
                  "speed": null,
                  "pass": false,
                  "fail": false,
                  "pending": false,
                  "context": null,
                  "code": "page.newTodoField().should('be.focused');",
                  "err": {},
                  "uuid": "019d9118-f013-472d-af95-0274f87c174d",
                  "parentUUID": null,
                  "isHook": false,
                  "skipped": true
                },
                {
                  "title": "should keep text field focused if title is empty",
                  "fullTitle": " Adding a todo should keep text field focused if title is empty",
                  "timedOut": null,
                  "duration": 0,
                  "state": "skipped",
                  "speed": null,
                  "pass": false,
                  "fail": false,
                  "pending": false,
                  "context": null,
                  "code": "page.newTodoField().type('{enter}');\npage.newTodoField().should('be.focused');",
                  "err": {},
                  "uuid": "c023adc3-db7c-4105-8b8c-4a54b17237a7",
                  "parentUUID": null,
                  "isHook": false,
                  "skipped": true
                },
                {
                  "title": "should keep text field focused if title title has only whitespaces",
                  "fullTitle": " Adding a todo should keep text field focused if title title has only whitespaces",
                  "timedOut": null,
                  "duration": 0,
                  "state": "skipped",
                  "speed": null,
                  "pass": false,
                  "fail": false,
                  "pending": false,
                  "context": null,
                  "code": "page.newTodoField().type('     {enter}');\npage.newTodoField().should('be.focused');",
                  "err": {},
                  "uuid": "56953331-cc44-4cb8-9462-08833c2b5403",
                  "parentUUID": null,
                  "isHook": false,
                  "skipped": true
                },
                {
                  "title": "should add an active todo",
                  "fullTitle": " Adding a todo should add an active todo",
                  "timedOut": null,
                  "duration": 0,
                  "state": "skipped",
                  "speed": null,
                  "pass": false,
                  "fail": false,
                  "pending": false,
                  "context": null,
                  "code": "page.newTodoField().type('Test Todo{enter}');\ntodos.assertCount(6);\ntodos.assertTitle(5, 'Test Todo');\ntodos.assertNotCompleted(5);",
                  "err": {},
                  "uuid": "7642fa6a-8ab1-4455-9bcd-7a7ff6f98c49",
                  "parentUUID": null,
                  "isHook": false,
                  "skipped": true
                },
                {
                  "title": "should save updated todos to localStorage",
                  "fullTitle": " Adding a todo should save updated todos to localStorage",
                  "timedOut": null,
                  "duration": 0,
                  "state": "skipped",
                  "speed": null,
                  "pass": false,
                  "fail": false,
                  "pending": false,
                  "context": null,
                  "code": "page.newTodoField().type('Test Todo{enter}');\npage.data().then(todos => {\n  expect(todos).to.have.length(6);\n  expect(todos[5].title).to.equal('Test Todo');\n  expect(todos[5].completed).to.be.false;\n});",
                  "err": {},
                  "uuid": "3e6144a8-e481-4e63-8512-94c8c4e82304",
                  "parentUUID": null,
                  "isHook": false,
                  "skipped": true
                },
                {
                  "title": "should update active counter",
                  "fullTitle": " Adding a todo should update active counter",
                  "timedOut": null,
                  "duration": 0,
                  "state": "skipped",
                  "speed": null,
                  "pass": false,
                  "fail": false,
                  "pending": false,
                  "context": null,
                  "code": "page.newTodoField().type('Test Todo{enter}');\npage.todosCounter().should('have.text', '3 items left');",
                  "err": {},
                  "uuid": "72a91338-b3a4-49d4-a9b6-7d6f0b994471",
                  "parentUUID": null,
                  "isHook": false,
                  "skipped": true
                },
                {
                  "title": "should clear text field",
                  "fullTitle": " Adding a todo should clear text field",
                  "timedOut": null,
                  "duration": 0,
                  "state": "skipped",
                  "speed": null,
                  "pass": false,
                  "fail": false,
                  "pending": false,
                  "context": null,
                  "code": "page.newTodoField().type('Test Todo{enter}');\npage.newTodoField().should('have.value', '');",
                  "err": {},
                  "uuid": "a04c9fdb-144c-434a-9c37-44aa774a62f6",
                  "parentUUID": null,
                  "isHook": false,
                  "skipped": true
                },
                {
                  "title": "should focus text field",
                  "fullTitle": " Adding a todo should focus text field",
                  "timedOut": null,
                  "duration": 0,
                  "state": "skipped",
                  "speed": null,
                  "pass": false,
                  "fail": false,
                  "pending": false,
                  "context": null,
                  "code": "page.newTodoField().type('Test Todo{enter}');\npage.newTodoField().should('be.focused');",
                  "err": {},
                  "uuid": "ec28ce00-4a2a-459a-995c-8cc499db0b92",
                  "parentUUID": null,
                  "isHook": false,
                  "skipped": true
                },
                {
                  "title": "should allow to add one more todo",
                  "fullTitle": " Adding a todo should allow to add one more todo",
                  "timedOut": null,
                  "duration": 0,
                  "state": "skipped",
                  "speed": null,
                  "pass": false,
                  "fail": false,
                  "pending": false,
                  "context": null,
                  "code": "page.newTodoField().type('Test Todo{enter}');\npage.newTodoField().type('Hello world{enter}');\ntodos.assertCount(7);\ntodos.assertNotCompleted(6);\ntodos.assertTitle(6, 'Hello world');\npage.todosCounter().should('have.text', '4 items left');",
                  "err": {},
                  "uuid": "4e5699d4-343b-4e5f-9ff6-2be8a40ba207",
                  "parentUUID": null,
                  "isHook": false,
                  "skipped": true
                },
                {
                  "title": "should save all added todos to localStorage",
                  "fullTitle": " Adding a todo should save all added todos to localStorage",
                  "timedOut": null,
                  "duration": 0,
                  "state": "skipped",
                  "speed": null,
                  "pass": false,
                  "fail": false,
                  "pending": false,
                  "context": null,
                  "code": "page.newTodoField().type('Test Todo{enter}');\npage.newTodoField().type('Hello world{enter}');\npage.data().then(todos => {\n  expect(todos).to.have.length(7);\n  expect(todos[6].title).to.equal('Hello world');\n  expect(todos[6].completed).to.be.false;\n});",
                  "err": {},
                  "uuid": "fa86f638-ba92-4d0b-aae4-b96c327397db",
                  "parentUUID": null,
                  "isHook": false,
                  "skipped": true
                },
                {
                  "title": "should add trimmed title",
                  "fullTitle": " Adding a todo should add trimmed title",
                  "timedOut": null,
                  "duration": 0,
                  "state": "skipped",
                  "speed": null,
                  "pass": false,
                  "fail": false,
                  "pending": false,
                  "context": null,
                  "code": "page.newTodoField().type('  Other Title    {enter}');\ntodos.assertTitle(5, 'Other Title');",
                  "err": {},
                  "uuid": "535d6f92-3fb4-4442-93b9-568c7da22da3",
                  "parentUUID": null,
                  "isHook": false,
                  "skipped": true
                },
                {
                  "title": "should keep current filter",
                  "fullTitle": " Adding a todo should keep current filter",
                  "timedOut": null,
                  "duration": 0,
                  "state": "skipped",
                  "speed": null,
                  "pass": false,
                  "fail": false,
                  "pending": false,
                  "context": null,
                  "code": "filter.link('active').click();\npage.newTodoField().type('Test Todo{enter}');\nfilter.assertSelected('active');",
                  "err": {},
                  "uuid": "ca094ef7-d31c-4e98-97d0-87c54446a7c7",
                  "parentUUID": null,
                  "isHook": false,
                  "skipped": true
                }
              ],
              "suites": [],
              "passes": [],
              "failures": [],
              "pending": [],
              "skipped": [
                "019d9118-f013-472d-af95-0274f87c174d",
                "c023adc3-db7c-4105-8b8c-4a54b17237a7",
                "56953331-cc44-4cb8-9462-08833c2b5403",
                "7642fa6a-8ab1-4455-9bcd-7a7ff6f98c49",
                "3e6144a8-e481-4e63-8512-94c8c4e82304",
                "72a91338-b3a4-49d4-a9b6-7d6f0b994471",
                "a04c9fdb-144c-434a-9c37-44aa774a62f6",
                "ec28ce00-4a2a-459a-995c-8cc499db0b92",
                "4e5699d4-343b-4e5f-9ff6-2be8a40ba207",
                "fa86f638-ba92-4d0b-aae4-b96c327397db",
                "535d6f92-3fb4-4442-93b9-568c7da22da3",
                "ca094ef7-d31c-4e98-97d0-87c54446a7c7"
              ],
              "duration": 0,
              "root": false,
              "rootEmpty": false,
              "_timeout": 2000
            },
            {
              "uuid": "c6f532ef-feb3-4320-84f7-58765b3a6e59",
              "title": "Individual Todo Deletion",
              "fullFile": "",
              "file": "",
              "beforeHooks": [],
              "afterHooks": [],
              "tests": [],
              "suites": [
                {
                  "uuid": "8e0c8b72-2b70-4ea5-ba2e-9ecc00ccbe57",
                  "title": "in the list with many todos",
                  "fullFile": "",
                  "file": "",
                  "beforeHooks": [],
                  "afterHooks": [],
                  "tests": [
                    {
                      "title": "should remove the todo from the list",
                      "fullTitle": " Individual Todo Deletion in the list with many todos should remove the todo from the list",
                      "timedOut": null,
                      "duration": 0,
                      "state": "skipped",
                      "speed": null,
                      "pass": false,
                      "fail": false,
                      "pending": false,
                      "context": null,
                      "code": "todos.deleteButton(0).click();\ntodos.assertCount(4);\ntodos.assertTitle(0, 'CSS');",
                      "err": {},
                      "uuid": "0f2eb99e-ea6c-40fc-8e9f-a2258747f2a2",
                      "parentUUID": null,
                      "isHook": false,
                      "skipped": true
                    },
                    {
                      "title": "should save all changes to localStorage",
                      "fullTitle": " Individual Todo Deletion in the list with many todos should save all changes to localStorage",
                      "timedOut": null,
                      "duration": 0,
                      "state": "skipped",
                      "speed": null,
                      "pass": false,
                      "fail": false,
                      "pending": false,
                      "context": null,
                      "code": "todos.deleteButton(0).click();\npage.data().then(todos => {\n  expect(todos).to.have.length(4);\n  expect(todos[0].title).to.equal('CSS');\n});",
                      "err": {},
                      "uuid": "7372b2ab-6fd8-459b-905f-f24dc8d078f8",
                      "parentUUID": null,
                      "isHook": false,
                      "skipped": true
                    },
                    {
                      "title": "should focus text field after todo deletion",
                      "fullTitle": " Individual Todo Deletion in the list with many todos should focus text field after todo deletion",
                      "timedOut": null,
                      "duration": 0,
                      "state": "skipped",
                      "speed": null,
                      "pass": false,
                      "fail": false,
                      "pending": false,
                      "context": null,
                      "code": "todos.deleteButton(0).click();\npage.newTodoField().should('be.focused');",
                      "err": {},
                      "uuid": "1d95cae3-22e2-4555-b5c7-cd40850c3978",
                      "parentUUID": null,
                      "isHook": false,
                      "skipped": true
                    },
                    {
                      "title": "should keep active todos count if completed todo is deleted",
                      "fullTitle": " Individual Todo Deletion in the list with many todos should keep active todos count if completed todo is deleted",
                      "timedOut": null,
                      "duration": 0,
                      "state": "skipped",
                      "speed": null,
                      "pass": false,
                      "fail": false,
                      "pending": false,
                      "context": null,
                      "code": "todos.deleteButton(0).click();\npage.todosCounter().should('have.text', '2 items left');",
                      "err": {},
                      "uuid": "856d80dd-1791-4c51-aa21-05a026a50342",
                      "parentUUID": null,
                      "isHook": false,
                      "skipped": true
                    },
                    {
                      "title": "should adjust active todos count if active todo is deleted",
                      "fullTitle": " Individual Todo Deletion in the list with many todos should adjust active todos count if active todo is deleted",
                      "timedOut": null,
                      "duration": 0,
                      "state": "skipped",
                      "speed": null,
                      "pass": false,
                      "fail": false,
                      "pending": false,
                      "context": null,
                      "code": "todos.deleteButton(4).click();\npage.todosCounter().should('contain.text', '1 item');",
                      "err": {},
                      "uuid": "42a65b04-1005-4f17-a3b9-1a0bbea5e294",
                      "parentUUID": null,
                      "isHook": false,
                      "skipped": true
                    }
                  ],
                  "suites": [],
                  "passes": [],
                  "failures": [],
                  "pending": [],
                  "skipped": [
                    "0f2eb99e-ea6c-40fc-8e9f-a2258747f2a2",
                    "7372b2ab-6fd8-459b-905f-f24dc8d078f8",
                    "1d95cae3-22e2-4555-b5c7-cd40850c3978",
                    "856d80dd-1791-4c51-aa21-05a026a50342",
                    "42a65b04-1005-4f17-a3b9-1a0bbea5e294"
                  ],
                  "duration": 0,
                  "root": false,
                  "rootEmpty": false,
                  "_timeout": 2000
                },
                {
                  "uuid": "89ae927d-b8f2-4125-afc9-f894fcf259f4",
                  "title": "for the last todo in the list",
                  "fullFile": "",
                  "file": "",
                  "beforeHooks": [],
                  "afterHooks": [],
                  "tests": [
                    {
                      "title": "should hide todos",
                      "fullTitle": " Individual Todo Deletion for the last todo in the list should hide todos",
                      "timedOut": null,
                      "duration": 0,
                      "state": "skipped",
                      "speed": null,
                      "pass": false,
                      "fail": false,
                      "pending": false,
                      "context": null,
                      "code": "todos.assertCount(0);",
                      "err": {},
                      "uuid": "44e4d379-68c5-416d-9008-40aa5e4f788a",
                      "parentUUID": null,
                      "isHook": false,
                      "skipped": true
                    },
                    {
                      "title": "should hide footer",
                      "fullTitle": " Individual Todo Deletion for the last todo in the list should hide footer",
                      "timedOut": null,
                      "duration": 0,
                      "state": "skipped",
                      "speed": null,
                      "pass": false,
                      "fail": false,
                      "pending": false,
                      "context": null,
                      "code": "filter.assertHidden();\npage.clearCompletedButton().should('not.exist');\npage.todosCounter().should('not.exist');",
                      "err": {},
                      "uuid": "106dc69c-8bd2-4df3-ae5b-196233d92f7b",
                      "parentUUID": null,
                      "isHook": false,
                      "skipped": true
                    },
                    {
                      "title": "should focus text field after todo deletion",
                      "fullTitle": " Individual Todo Deletion for the last todo in the list should focus text field after todo deletion",
                      "timedOut": null,
                      "duration": 0,
                      "state": "skipped",
                      "speed": null,
                      "pass": false,
                      "fail": false,
                      "pending": false,
                      "context": null,
                      "code": "page.newTodoField().should('be.focused');",
                      "err": {},
                      "uuid": "61f702d3-5181-416b-a212-5d1fcef4bc66",
                      "parentUUID": null,
                      "isHook": false,
                      "skipped": true
                    },
                    {
                      "title": "should hide ToggleAllButton",
                      "fullTitle": " Individual Todo Deletion for the last todo in the list should hide ToggleAllButton",
                      "timedOut": null,
                      "duration": 0,
                      "state": "skipped",
                      "speed": null,
                      "pass": false,
                      "fail": false,
                      "pending": false,
                      "context": null,
                      "code": "page.toggleAllButton().should('not.exist');",
                      "err": {},
                      "uuid": "9389968b-d8ba-419d-95c8-013c874ea13d",
                      "parentUUID": null,
                      "isHook": false,
                      "skipped": true
                    },
                    {
                      "title": "should save an empty array to localStorage",
                      "fullTitle": " Individual Todo Deletion for the last todo in the list should save an empty array to localStorage",
                      "timedOut": null,
                      "duration": 0,
                      "state": "skipped",
                      "speed": null,
                      "pass": false,
                      "fail": false,
                      "pending": false,
                      "context": null,
                      "code": "page.data().should('deep.equal', []);",
                      "err": {},
                      "uuid": "13aea674-3995-4052-889f-af3f95926038",
                      "parentUUID": null,
                      "isHook": false,
                      "skipped": true
                    }
                  ],
                  "suites": [],
                  "passes": [],
                  "failures": [],
                  "pending": [],
                  "skipped": [
                    "44e4d379-68c5-416d-9008-40aa5e4f788a",
                    "106dc69c-8bd2-4df3-ae5b-196233d92f7b",
                    "61f702d3-5181-416b-a212-5d1fcef4bc66",
                    "9389968b-d8ba-419d-95c8-013c874ea13d",
                    "13aea674-3995-4052-889f-af3f95926038"
                  ],
                  "duration": 0,
                  "root": false,
                  "rootEmpty": false,
                  "_timeout": 2000
                }
              ],
              "passes": [],
              "failures": [],
              "pending": [],
              "skipped": [],
              "duration": 0,
              "root": false,
              "rootEmpty": false,
              "_timeout": 2000
            },
            {
              "uuid": "957c9e91-0d4b-49cc-8e64-45da02b4d4db",
              "title": "ClearCompleted button",
              "fullFile": "",
              "file": "",
              "beforeHooks": [],
              "afterHooks": [],
              "tests": [],
              "suites": [
                {
                  "uuid": "3ddcc31a-6d27-414d-ade0-4c0437c0c86d",
                  "title": "with no completed todos",
                  "fullFile": "",
                  "file": "",
                  "beforeHooks": [],
                  "afterHooks": [],
                  "tests": [
                    {
                      "title": "should be disabled",
                      "fullTitle": " ClearCompleted button with no completed todos should be disabled",
                      "timedOut": null,
                      "duration": 0,
                      "state": "skipped",
                      "speed": null,
                      "pass": false,
                      "fail": false,
                      "pending": false,
                      "context": null,
                      "code": "page.clearCompletedButton().should('be.disabled');",
                      "err": {},
                      "uuid": "02d5b21f-6832-4784-863d-88ccf3ec804b",
                      "parentUUID": null,
                      "isHook": false,
                      "skipped": true
                    }
                  ],
                  "suites": [],
                  "passes": [],
                  "failures": [],
                  "pending": [],
                  "skipped": [
                    "02d5b21f-6832-4784-863d-88ccf3ec804b"
                  ],
                  "duration": 0,
                  "root": false,
                  "rootEmpty": false,
                  "_timeout": 2000
                },
                {
                  "uuid": "9b23abf9-e2d2-4aaa-a5e8-45c0b598bbd3",
                  "title": "with some completed todos",
                  "fullFile": "",
                  "file": "",
                  "beforeHooks": [],
                  "afterHooks": [],
                  "tests": [
                    {
                      "title": "should be enabled",
                      "fullTitle": " ClearCompleted button with some completed todos should be enabled",
                      "timedOut": null,
                      "duration": 0,
                      "state": "skipped",
                      "speed": null,
                      "pass": false,
                      "fail": false,
                      "pending": false,
                      "context": null,
                      "code": "page.clearCompletedButton().should('not.be.disabled');",
                      "err": {},
                      "uuid": "2ad248e5-7113-4cf2-91fd-2a4befee51d4",
                      "parentUUID": null,
                      "isHook": false,
                      "skipped": true
                    },
                    {
                      "title": "should remove all completed todos from the list",
                      "fullTitle": " ClearCompleted button with some completed todos should remove all completed todos from the list",
                      "timedOut": null,
                      "duration": 0,
                      "state": "skipped",
                      "speed": null,
                      "pass": false,
                      "fail": false,
                      "pending": false,
                      "context": null,
                      "code": "page.clearCompletedButton().click();\ntodos.assertCount(2);\ntodos.assertTitle(0, 'TypeScript');\ntodos.assertTitle(1, 'React');",
                      "err": {},
                      "uuid": "6dd6d689-770e-4452-b012-53546c3e4626",
                      "parentUUID": null,
                      "isHook": false,
                      "skipped": true
                    },
                    {
                      "title": "should save all changes to localStorage",
                      "fullTitle": " ClearCompleted button with some completed todos should save all changes to localStorage",
                      "timedOut": null,
                      "duration": 0,
                      "state": "skipped",
                      "speed": null,
                      "pass": false,
                      "fail": false,
                      "pending": false,
                      "context": null,
                      "code": "page.clearCompletedButton().click();\npage.data().then(todos => {\n  expect(todos).to.have.length(2);\n  expect(todos[0].title).to.equal('TypeScript');\n  expect(todos[0].completed).to.be.false;\n  expect(todos[1].title).to.equal('React');\n  expect(todos[1].completed).to.be.false;\n});",
                      "err": {},
                      "uuid": "ca025481-52ea-45cc-bd4f-5849c771115e",
                      "parentUUID": null,
                      "isHook": false,
                      "skipped": true
                    },
                    {
                      "title": "should become disabled after deletion",
                      "fullTitle": " ClearCompleted button with some completed todos should become disabled after deletion",
                      "timedOut": null,
                      "duration": 0,
                      "state": "skipped",
                      "speed": null,
                      "pass": false,
                      "fail": false,
                      "pending": false,
                      "context": null,
                      "code": "page.clearCompletedButton().click();\npage.clearCompletedButton().should('be.disabled');",
                      "err": {},
                      "uuid": "3425b587-f245-43a6-877b-bc14e567e409",
                      "parentUUID": null,
                      "isHook": false,
                      "skipped": true
                    },
                    {
                      "title": "should focus new todo field after deletion",
                      "fullTitle": " ClearCompleted button with some completed todos should focus new todo field after deletion",
                      "timedOut": null,
                      "duration": 0,
                      "state": "skipped",
                      "speed": null,
                      "pass": false,
                      "fail": false,
                      "pending": false,
                      "context": null,
                      "code": "page.clearCompletedButton().click();\npage.newTodoField().should('be.focused');",
                      "err": {},
                      "uuid": "fc30af10-6838-4954-ac71-4acb2cb8918f",
                      "parentUUID": null,
                      "isHook": false,
                      "skipped": true
                    }
                  ],
                  "suites": [],
                  "passes": [],
                  "failures": [],
                  "pending": [],
                  "skipped": [
                    "2ad248e5-7113-4cf2-91fd-2a4befee51d4",
                    "6dd6d689-770e-4452-b012-53546c3e4626",
                    "ca025481-52ea-45cc-bd4f-5849c771115e",
                    "3425b587-f245-43a6-877b-bc14e567e409",
                    "fc30af10-6838-4954-ac71-4acb2cb8918f"
                  ],
                  "duration": 0,
                  "root": false,
                  "rootEmpty": false,
                  "_timeout": 2000
                },
                {
                  "uuid": "6d67e37a-d0fa-40ba-892f-5b943917ddae",
                  "title": "if all todos are completed",
                  "fullFile": "",
                  "file": "",
                  "beforeHooks": [],
                  "afterHooks": [],
                  "tests": [
                    {
                      "title": "should hide todos after clearing all completed todos",
                      "fullTitle": " ClearCompleted button if all todos are completed should hide todos after clearing all completed todos",
                      "timedOut": null,
                      "duration": 0,
                      "state": "skipped",
                      "speed": null,
                      "pass": false,
                      "fail": false,
                      "pending": false,
                      "context": null,
                      "code": "todos.assertCount(0);",
                      "err": {},
                      "uuid": "84ef3463-ad50-407a-af62-407a571bfde5",
                      "parentUUID": null,
                      "isHook": false,
                      "skipped": true
                    },
                    {
                      "title": "should save an empty array to localStorage",
                      "fullTitle": " ClearCompleted button if all todos are completed should save an empty array to localStorage",
                      "timedOut": null,
                      "duration": 0,
                      "state": "skipped",
                      "speed": null,
                      "pass": false,
                      "fail": false,
                      "pending": false,
                      "context": null,
                      "code": "page.data().should('deep.equal', []);",
                      "err": {},
                      "uuid": "eb3f51ef-8ada-49f4-b43e-5252e455010f",
                      "parentUUID": null,
                      "isHook": false,
                      "skipped": true
                    },
                    {
                      "title": "should hide footer after clearing all completed todos",
                      "fullTitle": " ClearCompleted button if all todos are completed should hide footer after clearing all completed todos",
                      "timedOut": null,
                      "duration": 0,
                      "state": "skipped",
                      "speed": null,
                      "pass": false,
                      "fail": false,
                      "pending": false,
                      "context": null,
                      "code": "filter.assertHidden();\npage.clearCompletedButton().should('not.exist');\npage.todosCounter().should('not.exist');",
                      "err": {},
                      "uuid": "2e24b272-95d3-479c-9381-b361781520ab",
                      "parentUUID": null,
                      "isHook": false,
                      "skipped": true
                    }
                  ],
                  "suites": [],
                  "passes": [],
                  "failures": [],
                  "pending": [],
                  "skipped": [
                    "84ef3463-ad50-407a-af62-407a571bfde5",
                    "eb3f51ef-8ada-49f4-b43e-5252e455010f",
                    "2e24b272-95d3-479c-9381-b361781520ab"
                  ],
                  "duration": 0,
                  "root": false,
                  "rootEmpty": false,
                  "_timeout": 2000
                }
              ],
              "passes": [],
              "failures": [],
              "pending": [],
              "skipped": [],
              "duration": 0,
              "root": false,
              "rootEmpty": false,
              "_timeout": 2000
            },
            {
              "uuid": "c2e81255-a60a-45a3-b3ac-a6dfa71e3905",
              "title": "Todo Toggler",
              "fullFile": "",
              "file": "",
              "beforeHooks": [],
              "afterHooks": [],
              "tests": [],
              "suites": [
                {
                  "uuid": "44a4b0a3-f86b-437a-9c31-223fbb0a79c5",
                  "title": "",
                  "fullFile": "",
                  "file": "",
                  "beforeHooks": [],
                  "afterHooks": [],
                  "tests": [
                    {
                      "title": "should toggle a todo",
                      "fullTitle": " Todo Toggler  should toggle a todo",
                      "timedOut": null,
                      "duration": 0,
                      "state": "skipped",
                      "speed": null,
                      "pass": false,
                      "fail": false,
                      "pending": false,
                      "context": null,
                      "code": "todos.assertNotCompleted(0);\ntodos.statusToggler(0).should('not.be.checked');",
                      "err": {},
                      "uuid": "15a5cbf1-6654-4fbe-9e43-dadfce3be926",
                      "parentUUID": null,
                      "isHook": false,
                      "skipped": true
                    },
                    {
                      "title": "should save changes to localStorage",
                      "fullTitle": " Todo Toggler  should save changes to localStorage",
                      "timedOut": null,
                      "duration": 0,
                      "state": "skipped",
                      "speed": null,
                      "pass": false,
                      "fail": false,
                      "pending": false,
                      "context": null,
                      "code": "page.data().then(todos => {\n  expect(todos).to.have.length(5);\n  expect(todos[0].title).to.equal('HTML');\n  expect(todos[0].completed).to.be.false;\n});",
                      "err": {},
                      "uuid": "4218f5fa-13f7-469a-a362-83144b47c305",
                      "parentUUID": null,
                      "isHook": false,
                      "skipped": true
                    },
                    {
                      "title": "should update the counter",
                      "fullTitle": " Todo Toggler  should update the counter",
                      "timedOut": null,
                      "duration": 0,
                      "state": "skipped",
                      "speed": null,
                      "pass": false,
                      "fail": false,
                      "pending": false,
                      "context": null,
                      "code": "page.todosCounter().should('have.text', '3 items left');",
                      "err": {},
                      "uuid": "3bb72707-7cc5-423e-8863-fe5f5cdfae29",
                      "parentUUID": null,
                      "isHook": false,
                      "skipped": true
                    }
                  ],
                  "suites": [],
                  "passes": [],
                  "failures": [],
                  "pending": [],
                  "skipped": [
                    "15a5cbf1-6654-4fbe-9e43-dadfce3be926",
                    "4218f5fa-13f7-469a-a362-83144b47c305",
                    "3bb72707-7cc5-423e-8863-fe5f5cdfae29"
                  ],
                  "duration": 0,
                  "root": false,
                  "rootEmpty": false,
                  "_timeout": 2000
                },
                {
                  "uuid": "3758b063-5c0a-4c04-b921-461e16b15ab2",
                  "title": "if filtered",
                  "fullFile": "",
                  "file": "",
                  "beforeHooks": [],
                  "afterHooks": [],
                  "tests": [
                    {
                      "title": "should hide a todo",
                      "fullTitle": " Todo Toggler if filtered should hide a todo",
                      "timedOut": null,
                      "duration": 0,
                      "state": "skipped",
                      "speed": null,
                      "pass": false,
                      "fail": false,
                      "pending": false,
                      "context": null,
                      "code": "todos.assertCount(2);\ntodos.assertTitle(0, 'CSS');",
                      "err": {},
                      "uuid": "ef542247-7477-4a4b-a1d7-9f636ec9902c",
                      "parentUUID": null,
                      "isHook": false,
                      "skipped": true
                    },
                    {
                      "title": "should show a todo after selecting an oposite filter",
                      "fullTitle": " Todo Toggler if filtered should show a todo after selecting an oposite filter",
                      "timedOut": null,
                      "duration": 0,
                      "state": "skipped",
                      "speed": null,
                      "pass": false,
                      "fail": false,
[...]
                          "pending": false,
                          "context": null,
                          "code": "todos.titleField(0).type('Something');\ntodos.titleField(0).blur();\ntodos.titleField(0).should('not.exist');\ntodos.assertTitle(0, 'Something');",
                          "err": {},
                          "uuid": "3991449c-ad93-42e8-bd6d-a0e1ff21ccbf",
                          "parentUUID": null,
                          "isHook": false,
                          "skipped": true
                        },
                        {
                          "title": "should save trimmed title",
                          "fullTitle": " Renaming Form if title was changed on blur should save trimmed title",
                          "timedOut": null,
                          "duration": 0,
                          "state": "skipped",
                          "speed": null,
                          "pass": false,
                          "fail": false,
                          "pending": false,
                          "context": null,
                          "code": "todos.titleField(0).type('   Some new title      ');\ntodos.titleField(0).blur();\ntodos.assertTitle(0, 'Some new title');",
                          "err": {},
                          "uuid": "42c5dca9-d165-49bd-a133-9b666b4be8d5",
                          "parentUUID": null,
                          "isHook": false,
                          "skipped": true
                        },
                        {
                          "title": "should save changes to localStorage",
                          "fullTitle": " Renaming Form if title was changed on blur should save changes to localStorage",
                          "timedOut": null,
                          "duration": 0,
                          "state": "skipped",
                          "speed": null,
                          "pass": false,
                          "fail": false,
                          "pending": false,
                          "context": null,
                          "code": "todos.titleField(0).type('   Some new title      ');\ntodos.titleField(0).blur();\npage.data().then(todos => {\n  expect(todos).to.have.length(5);\n  expect(todos[0].title).to.equal('Some new title');\n});",
                          "err": {},
                          "uuid": "510cb49f-6e27-47b9-88d2-19dc9e0b6e44",
                          "parentUUID": null,
                          "isHook": false,
                          "skipped": true
                        }
                      ],
                      "suites": [],
                      "passes": [],
                      "failures": [],
                      "pending": [],
                      "skipped": [
                        "3991449c-ad93-42e8-bd6d-a0e1ff21ccbf",
                        "42c5dca9-d165-49bd-a133-9b666b4be8d5",
                        "510cb49f-6e27-47b9-88d2-19dc9e0b6e44"
                      ],
                      "duration": 0,
                      "root": false,
                      "rootEmpty": false,
                      "_timeout": 2000
                    }
                  ],
                  "passes": [],
                  "failures": [],
                  "pending": [],
                  "skipped": [],
                  "duration": 0,
                  "root": false,
                  "rootEmpty": false,
                  "_timeout": 2000
                },
                {
                  "uuid": "955e9af9-dbe7-42bc-ac77-68142b6c9ac7",
                  "title": "if title was not changed",
                  "fullFile": "",
                  "file": "",
                  "beforeHooks": [],
                  "afterHooks": [],
                  "tests": [
                    {
                      "title": "should be close on Enter",
                      "fullTitle": " Renaming Form if title was not changed should be close on Enter",
                      "timedOut": null,
                      "duration": 0,
                      "state": "skipped",
                      "speed": null,
                      "pass": false,
                      "fail": false,
                      "pending": false,
                      "context": null,
                      "code": "todos.titleField(0).type('{enter}');\ntodos.titleField(0).should('not.exist');",
                      "err": {},
                      "uuid": "91e9914b-871b-4a9d-aecb-aa063a5919c8",
                      "parentUUID": null,
                      "isHook": false,
                      "skipped": true
                    },
                    {
                      "title": "should preserve current title on Enter",
                      "fullTitle": " Renaming Form if title was not changed should preserve current title on Enter",
                      "timedOut": null,
                      "duration": 0,
                      "state": "skipped",
                      "speed": null,
                      "pass": false,
                      "fail": false,
                      "pending": false,
                      "context": null,
                      "code": "todos.titleField(0).type('{enter}');\ntodos.assertTitle(0, 'HTML');",
                      "err": {},
                      "uuid": "5fcb0cff-3981-4799-93b6-e023fc910620",
                      "parentUUID": null,
                      "isHook": false,
                      "skipped": true
                    },
                    {
                      "title": "should be closed on Escape",
                      "fullTitle": " Renaming Form if title was not changed should be closed on Escape",
                      "timedOut": null,
                      "duration": 0,
                      "state": "skipped",
                      "speed": null,
                      "pass": false,
                      "fail": false,
                      "pending": false,
                      "context": null,
                      "code": "todos.titleField(0).type('{esc}');\ntodos.titleField(0).should('not.exist');",
                      "err": {},
                      "uuid": "ff9f5c07-35c9-4634-932f-11992f414be3",
                      "parentUUID": null,
                      "isHook": false,
                      "skipped": true
                    },
                    {
                      "title": "should preserve current title on Escape",
                      "fullTitle": " Renaming Form if title was not changed should preserve current title on Escape",
                      "timedOut": null,
                      "duration": 0,
                      "state": "skipped",
                      "speed": null,
                      "pass": false,
                      "fail": false,
                      "pending": false,
                      "context": null,
                      "code": "todos.titleField(0).type('{esc}');\ntodos.assertTitle(0, 'HTML');",
                      "err": {},
                      "uuid": "2836b555-7a15-412c-ada6-77c97e3ae076",
                      "parentUUID": null,
                      "isHook": false,
                      "skipped": true
                    },
                    {
                      "title": "should save on blur",
                      "fullTitle": " Renaming Form if title was not changed should save on blur",
                      "timedOut": null,
                      "duration": 0,
                      "state": "skipped",
                      "speed": null,
                      "pass": false,
                      "fail": false,
                      "pending": false,
                      "context": null,
                      "code": "todos.titleField(0).clear();\ntodos.titleField(0).type('Something');\ntodos.titleField(0).blur();\ntodos.titleField(0).should('not.exist');\ntodos.assertTitle(0, 'Something');",
                      "err": {},
                      "uuid": "f90c97d1-5d9c-487d-b98a-dbd595240b71",
                      "parentUUID": null,
                      "isHook": false,
                      "skipped": true
                    }
                  ],
                  "suites": [],
                  "passes": [],
                  "failures": [],
                  "pending": [],
                  "skipped": [
                    "91e9914b-871b-4a9d-aecb-aa063a5919c8",
                    "5fcb0cff-3981-4799-93b6-e023fc910620",
                    "ff9f5c07-35c9-4634-932f-11992f414be3",
                    "2836b555-7a15-412c-ada6-77c97e3ae076",
                    "f90c97d1-5d9c-487d-b98a-dbd595240b71"
                  ],
                  "duration": 0,
                  "root": false,
                  "rootEmpty": false,
                  "_timeout": 2000
                },
                {
                  "uuid": "7bee6d3c-da21-4258-9f1b-3225f41cd673",
                  "title": "if title became empty",
                  "fullFile": "",
                  "file": "",
                  "beforeHooks": [],
                  "afterHooks": [],
                  "tests": [],
                  "suites": [
                    {
                      "uuid": "45aee6bd-99ff-4dd2-b740-67453e303e97",
                      "title": "on Enter",
                      "fullFile": "",
                      "file": "",
                      "beforeHooks": [],
                      "afterHooks": [],
                      "tests": [
                        {
                          "title": "should delete a todo",
                          "fullTitle": " Renaming Form if title became empty on Enter should delete a todo",
                          "timedOut": null,
                          "duration": 0,
                          "state": "skipped",
                          "speed": null,
                          "pass": false,
                          "fail": false,
                          "pending": false,
                          "context": null,
                          "code": "todos.titleField(0).type('{enter}');\ntodos.assertCount(4);\ntodos.assertTitle(0, 'CSS');",
                          "err": {},
                          "uuid": "82dc76a2-c23f-4893-9c07-946b7889a9f0",
                          "parentUUID": null,
                          "isHook": false,
                          "skipped": true
                        },
                        {
                          "title": "should save changes to localStorage",
                          "fullTitle": " Renaming Form if title became empty on Enter should save changes to localStorage",
                          "timedOut": null,
                          "duration": 0,
                          "state": "skipped",
                          "speed": null,
                          "pass": false,
                          "fail": false,
                          "pending": false,
                          "context": null,
                          "code": "todos.titleField(0).type('{enter}');\npage.data().then(todos => {\n  expect(todos).to.have.length(4);\n  expect(todos[0].title).to.equal('CSS');\n});",
                          "err": {},
                          "uuid": "09e6c989-d381-429b-8253-e8348cddcf41",
                          "parentUUID": null,
                          "isHook": false,
                          "skipped": true
                        }
                      ],
                      "suites": [],
                      "passes": [],
                      "failures": [],
                      "pending": [],
                      "skipped": [
                        "82dc76a2-c23f-4893-9c07-946b7889a9f0",
                        "09e6c989-d381-429b-8253-e8348cddcf41"
                      ],
                      "duration": 0,
                      "root": false,
                      "rootEmpty": false,
                      "_timeout": 2000
                    },
                    {
                      "uuid": "6a140588-63ab-47c3-afff-f842a5c1ff1d",
                      "title": "on Escape",
                      "fullFile": "",
                      "file": "",
                      "beforeHooks": [],
                      "afterHooks": [],
                      "tests": [
                        {
                          "title": "should be closed",
                          "fullTitle": " Renaming Form if title became empty on Escape should be closed",
                          "timedOut": null,
                          "duration": 0,
                          "state": "skipped",
                          "speed": null,
                          "pass": false,
                          "fail": false,
                          "pending": false,
                          "context": null,
                          "code": "todos.titleField(0).type('{esc}');\ntodos.titleField(0).should('not.exist');",
                          "err": {},
                          "uuid": "65b77f34-b972-4a90-97c3-60cccda667a5",
                          "parentUUID": null,
                          "isHook": false,
                          "skipped": true
                        },
                        {
                          "title": "should preserve todos",
                          "fullTitle": " Renaming Form if title became empty on Escape should preserve todos",
                          "timedOut": null,
                          "duration": 0,
                          "state": "skipped",
                          "speed": null,
                          "pass": false,
                          "fail": false,
                          "pending": false,
                          "context": null,
                          "code": "todos.titleField(0).type('{esc}');\ntodos.assertCount(5);",
                          "err": {},
                          "uuid": "7f0c12f7-d6ff-4024-9d7a-a4489f38d7ec",
                          "parentUUID": null,
                          "isHook": false,
                          "skipped": true
                        },
                        {
                          "title": "should preserve current title",
                          "fullTitle": " Renaming Form if title became empty on Escape should preserve current title",
                          "timedOut": null,
                          "duration": 0,
                          "state": "skipped",
                          "speed": null,
                          "pass": false,
                          "fail": false,
                          "pending": false,
                          "context": null,
                          "code": "todos.titleField(0).type('{esc}');\ntodos.title(0).should('have.text', 'HTML');",
                          "err": {},
                          "uuid": "12f3ee67-8562-4934-8338-c2a5686d2455",
                          "parentUUID": null,
                          "isHook": false,
                          "skipped": true
                        }
                      ],
                      "suites": [],
                      "passes": [],
                      "failures": [],
                      "pending": [],
                      "skipped": [
                        "65b77f34-b972-4a90-97c3-60cccda667a5",
                        "7f0c12f7-d6ff-4024-9d7a-a4489f38d7ec",
                        "12f3ee67-8562-4934-8338-c2a5686d2455"
                      ],
                      "duration": 0,
                      "root": false,
                      "rootEmpty": false,
                      "_timeout": 2000
                    },
                    {
                      "uuid": "acbcfc1a-b89d-4892-a5f3-884937c0a900",
                      "title": "on blur",
                      "fullFile": "",
                      "file": "",
                      "beforeHooks": [],
                      "afterHooks": [],
                      "tests": [
                        {
                          "title": "should delete a todo",
                          "fullTitle": " Renaming Form if title became empty on blur should delete a todo",
                          "timedOut": null,
                          "duration": 0,
                          "state": "skipped",
                          "speed": null,
                          "pass": false,
                          "fail": false,
                          "pending": false,
                          "context": null,
                          "code": "todos.titleField(0).blur();\ntodos.assertCount(4);\ntodos.assertTitle(0, 'CSS');",
                          "err": {},
                          "uuid": "429ddb24-6a87-430c-ad3a-48ac4c6bbeda",
                          "parentUUID": null,
                          "isHook": false,
                          "skipped": true
                        },
                        {
                          "title": "should save changes to localStorage",
                          "fullTitle": " Renaming Form if title became empty on blur should save changes to localStorage",
                          "timedOut": null,
                          "duration": 0,
                          "state": "skipped",
                          "speed": null,
                          "pass": false,
                          "fail": false,
                          "pending": false,
                          "context": null,
                          "code": "todos.titleField(0).blur();\npage.data().then(todos => {\n  expect(todos).to.have.length(4);\n  expect(todos[0].title).to.equal('CSS');\n});",
                          "err": {},
                          "uuid": "3d51101c-d590-4c32-a437-9cb14df89950",
                          "parentUUID": null,
                          "isHook": false,
                          "skipped": true
                        }
                      ],
                      "suites": [],
                      "passes": [],
                      "failures": [],
                      "pending": [],
                      "skipped": [
                        "429ddb24-6a87-430c-ad3a-48ac4c6bbeda",
                        "3d51101c-d590-4c32-a437-9cb14df89950"
                      ],
                      "duration": 0,
                      "root": false,
                      "rootEmpty": false,
                      "_timeout": 2000
                    }
                  ],
                  "passes": [],
                  "failures": [],
                  "pending": [],
                  "skipped": [],
                  "duration": 0,
                  "root": false,
                  "rootEmpty": false,
                  "_timeout": 2000
                }
              ],
              "passes": [],
              "failures": [],
              "pending": [],
              "skipped": [],
              "duration": 0,
              "root": false,
              "rootEmpty": false,
              "_timeout": 2000
            }
          ],
          "passes": [],
          "failures": [],
          "pending": [],
          "skipped": [],
          "duration": 0,
          "root": false,
          "rootEmpty": false,
          "_timeout": 2000
        }
      ],
      "passes": [],
      "failures": [],
      "pending": [],
      "skipped": [],
      "duration": 0,
      "root": true,
      "rootEmpty": true,
      "_timeout": 2000
    }
  ],
  "meta": {
    "mocha": {
      "version": "7.0.1"
    },
    "mochawesome": {
      "options": {
        "quiet": false,
        "reportFilename": "mochawesome",
        "saveHtml": false,
        "saveJson": true,
        "consoleReporter": "spec",
        "useInlineDiffs": false,
        "code": true
      },
      "version": "7.1.3"
    },
    "marge": {
      "options": {
        "reportDir": "cypress/results",
        "overwrite": false,
        "html": false,
        "json": true
      },
      "version": "6.2.0"
    }
  }
}